<?xml version="1.0" encoding="UTF-8"?>
<testng-results total="2" passed="2" failed="0" skipped="0">
  <reporter-output>
  </reporter-output>
  <suite started-at="2024-01-23T11:31:31Z" name="Default suite" finished-at="2024-01-23T11:31:31Z" duration-ms="34">
    <groups>
    </groups>
    <test started-at="2024-01-23T11:31:31Z" name="Default test" finished-at="2024-01-23T11:31:31Z" duration-ms="34">
      <class name="com.ABS.ataf.utility.TestHelp">
        <test-method is-config="true" signature="beforeclass()[pri:0, instance:com.ABS.ataf.utility.TestHelp@63798ca7]" started-at="2024-01-23T17:01:31Z" name="beforeclass" finished-at="2024-01-23T17:01:31Z" duration-ms="10" status="PASS">
          <reporter-output>
          </reporter-output>
        </test-method> <!-- beforeclass -->
        <test-method is-config="true" signature="beforemethod2()[pri:0, instance:com.ABS.ataf.utility.TestHelp@63798ca7]" started-at="2024-01-23T17:01:31Z" name="beforemethod2" finished-at="2024-01-23T17:01:31Z" duration-ms="0" status="PASS">
          <reporter-output>
          </reporter-output>
        </test-method> <!-- beforemethod2 -->
        <test-method is-config="true" signature="beforemethod1()[pri:0, instance:com.ABS.ataf.utility.TestHelp@63798ca7]" started-at="2024-01-23T17:01:31Z" name="beforemethod1" finished-at="2024-01-23T17:01:31Z" duration-ms="0" status="PASS">
          <reporter-output>
          </reporter-output>
        </test-method> <!-- beforemethod1 -->
        <test-method signature="test1()[pri:0, instance:com.ABS.ataf.utility.TestHelp@63798ca7]" started-at="2024-01-23T17:01:31Z" name="test1" finished-at="2024-01-23T17:01:31Z" duration-ms="6" status="PASS">
          <reporter-output>
          </reporter-output>
        </test-method> <!-- test1 -->
        <test-method signature="test2()[pri:0, instance:com.ABS.ataf.utility.TestHelp@63798ca7]" started-at="2024-01-23T17:01:31Z" name="test2" finished-at="2024-01-23T17:01:31Z" duration-ms="1" status="PASS">
          <reporter-output>
          </reporter-output>
        </test-method> <!-- test2 -->
        <test-method is-config="true" signature="beforemethod2()[pri:0, instance:com.ABS.ataf.utility.TestHelp@63798ca7]" started-at="2024-01-23T17:01:31Z" name="beforemethod2" finished-at="2024-01-23T17:01:31Z" duration-ms="0" status="PASS">
          <reporter-output>
          </reporter-output>
        </test-method> <!-- beforemethod2 -->
        <test-method is-config="true" signature="beforemethod1()[pri:0, instance:com.ABS.ataf.utility.TestHelp@63798ca7]" started-at="2024-01-23T17:01:31Z" name="beforemethod1" finished-at="2024-01-23T17:01:31Z" duration-ms="0" status="PASS">
          <reporter-output>
          </reporter-output>
        </test-method> <!-- beforemethod1 -->
      </class> <!-- com.ABS.ataf.utility.TestHelp -->
    </test> <!-- Default test -->
  </suite> <!-- Default suite -->
</testng-results>
